This is pdfTeX, Version 3.1415926-1.40.10 (TeX Live 2009/Debian) (format=pdflatex 2012.6.5)  15 AUG 2012 21:01
entering extended mode
 %&-line parsing enabled.
**"Doku latex.tex"
(./Doku latex.tex
LaTeX2e <2009/09/24>
Babel <v3.8l> and hyphenation patterns for english, usenglishmax, dumylang, noh
yphenation, loaded.
(/usr/share/texmf-texlive/tex/latex/base/article.cls
Document Class: article 2007/10/19 v1.4h Standard LaTeX document class
(/usr/share/texmf-texlive/tex/latex/base/size12.clo
File: size12.clo 2007/10/19 v1.4h Standard LaTeX file (size option)
)
\c@part=\count79
\c@section=\count80
\c@subsection=\count81
\c@subsubsection=\count82
\c@paragraph=\count83
\c@subparagraph=\count84
\c@figure=\count85
\c@table=\count86
\abovecaptionskip=\skip41
\belowcaptionskip=\skip42
\bibindent=\dimen102
)
(/usr/share/texmf-texlive/tex/latex/base/inputenc.sty
Package: inputenc 2008/03/30 v1.1d Input encoding file
\inpenc@prehook=\toks14
\inpenc@posthook=\toks15

(/usr/share/texmf-texlive/tex/latex/ucs/utf8x.def
File: utf8x.def 2004/10/17 UCS: Input encoding UTF-8
))
(/usr/share/texmf-texlive/tex/latex/ucs/ucs.sty
Package: ucs 2004/10/17 UCS: Unicode input support

(/usr/share/texmf-texlive/tex/latex/ucs/data/uni-global.def
File: uni-global.def 2004/10/17 UCS: Unicode global data
)
\uc@secondtry=\count87
\uc@combtoks=\toks16
\uc@combtoksb=\toks17
\uc@temptokena=\toks18
)
(/usr/share/texmf-texlive/tex/generic/babel/babel.sty
Package: babel 2008/07/06 v3.8l The Babel package

(/usr/share/texmf-texlive/tex/generic/babel/germanb.ldf
Language: germanb 2008/06/01 v2.6m German support from the babel system

(/usr/share/texmf-texlive/tex/generic/babel/babel.def
File: babel.def 2008/07/06 v3.8l Babel common definitions
\babel@savecnt=\count88
\U@D=\dimen103
)

Package babel Warning: No hyphenation patterns were loaded for
(babel)                the language `German'
(babel)                I will use the patterns loaded for \language=0 instead.

\l@german = a dialect from \language0
\l@austrian = a dialect from \language\l@german 
Package babel Info: Making " an active character on input line 102.
)) (/usr/share/texmf-texlive/tex/latex/amsmath/amsmath.sty
Package: amsmath 2000/07/18 v2.13 AMS math features
\@mathmargin=\skip43

For additional information on amsmath, use the `?' option.
(/usr/share/texmf-texlive/tex/latex/amsmath/amstext.sty
Package: amstext 2000/06/29 v2.01

(/usr/share/texmf-texlive/tex/latex/amsmath/amsgen.sty
File: amsgen.sty 1999/11/30 v2.0
\@emptytoks=\toks19
\ex@=\dimen104
))
(/usr/share/texmf-texlive/tex/latex/amsmath/amsbsy.sty
Package: amsbsy 1999/11/29 v1.2d
\pmbraise@=\dimen105
)
(/usr/share/texmf-texlive/tex/latex/amsmath/amsopn.sty
Package: amsopn 1999/12/14 v2.01 operator names
)
\inf@bad=\count89
LaTeX Info: Redefining \frac on input line 211.
\uproot@=\count90
\leftroot@=\count91
LaTeX Info: Redefining \overline on input line 307.
\classnum@=\count92
\DOTSCASE@=\count93
LaTeX Info: Redefining \ldots on input line 379.
LaTeX Info: Redefining \dots on input line 382.
LaTeX Info: Redefining \cdots on input line 467.
\Mathstrutbox@=\box26
\strutbox@=\box27
\big@size=\dimen106
LaTeX Font Info:    Redeclaring font encoding OML on input line 567.
LaTeX Font Info:    Redeclaring font encoding OMS on input line 568.
\macc@depth=\count94
\c@MaxMatrixCols=\count95
\dotsspace@=\muskip10
\c@parentequation=\count96
\dspbrk@lvl=\count97
\tag@help=\toks20
\row@=\count98
\column@=\count99
\maxfields@=\count100
\andhelp@=\toks21
\eqnshift@=\dimen107
\alignsep@=\dimen108
\tagshift@=\dimen109
\tagwidth@=\dimen110
\totwidth@=\dimen111
\lineht@=\dimen112
\@envbody=\toks22
\multlinegap=\skip44
\multlinetaggap=\skip45
\mathdisplay@stack=\toks23
LaTeX Info: Redefining \[ on input line 2666.
LaTeX Info: Redefining \] on input line 2667.
)
(/usr/share/texmf-texlive/tex/latex/amsfonts/amsfonts.sty
Package: amsfonts 2009/06/22 v3.00 Basic AMSFonts support
\symAMSa=\mathgroup4
\symAMSb=\mathgroup5
LaTeX Font Info:    Overwriting math alphabet `\mathfrak' in version `bold'
(Font)                  U/euf/m/n --> U/euf/b/n on input line 96.
)
(/usr/share/texmf-texlive/tex/latex/amsfonts/amssymb.sty
Package: amssymb 2009/06/22 v3.00
) (./Doku latex.aux)
\openout1 = `"Doku latex.aux"'.

LaTeX Font Info:    Checking defaults for OML/cmm/m/it on input line 10.
LaTeX Font Info:    ... okay on input line 10.
LaTeX Font Info:    Checking defaults for T1/cmr/m/n on input line 10.
LaTeX Font Info:    ... okay on input line 10.
LaTeX Font Info:    Checking defaults for OT1/cmr/m/n on input line 10.
LaTeX Font Info:    ... okay on input line 10.
LaTeX Font Info:    Checking defaults for OMS/cmsy/m/n on input line 10.
LaTeX Font Info:    ... okay on input line 10.
LaTeX Font Info:    Checking defaults for OMX/cmex/m/n on input line 10.
LaTeX Font Info:    ... okay on input line 10.
LaTeX Font Info:    Checking defaults for U/cmr/m/n on input line 10.
LaTeX Font Info:    ... okay on input line 10.

(/usr/share/texmf-texlive/tex/latex/ucs/ucsencs.def
File: ucsencs.def 2003/11/29 Fixes to fontencodings LGR, T3
)
(/usr/share/texmf-texlive/tex/latex/ucs/data/uni-0.def
File: uni-0.def 2004/10/17 UCS: Unicode data U+0000..U+00FF
)
LaTeX Font Info:    Try loading font information for U+msa on input line 12.

(/usr/share/texmf-texlive/tex/latex/amsfonts/umsa.fd
File: umsa.fd 2009/06/22 v3.00 AMS symbols A
)
LaTeX Font Info:    Try loading font information for U+msb on input line 12.

(/usr/share/texmf-texlive/tex/latex/amsfonts/umsb.fd
File: umsb.fd 2009/06/22 v3.00 AMS symbols B
) (./Doku latex.toc)
\tf@toc=\write3
\openout3 = `"Doku latex.toc"'.


[1

{/var/lib/texmf/fonts/map/pdftex/updmap/pdftex.map}]
Overfull \hbox (1.02504pt too wide) in paragraph at lines 33--39
\OT1/cmr/m/n/12 Am Ende der Umverteilung wird auf allen Klausurstapeln, die neu
e Klausuren
 []

[2] (/usr/share/texmf-texlive/tex/latex/ucs/data/uni-32.def
File: uni-32.def 2004/10/17 UCS: Unicode data U+2000..U+20FF
)
Overfull \hbox (16.98415pt too wide) in paragraph at lines 42--46
\OT1/cmr/m/n/12 aus. Dieses Counter-Objekt ist eine In-stanz der Klasse \OT1/cm
r/bx/n/12 Idle-As-sis-tantsCounter\OT1/cmr/m/n/12 .
 []


Underfull \hbox (badness 10000) in paragraph at lines 42--46

 []


Underfull \hbox (badness 10000) in paragraph at lines 42--46

 []

[3] [4] [5] [6]
Overfull \hbox (0.41505pt too wide) in paragraph at lines 72--75
\OT1/cmr/bx/n/12 public Ex-am as-siPop()\OT1/cmr/m/n/12 : Wird vom As-sis-ten-t
en ver-wen-det, um eine Klausur
 []


Underfull \hbox (badness 10000) in paragraph at lines 72--75

 []


Underfull \hbox (badness 10000) in paragraph at lines 78--81

 []

[7]
Overfull \hbox (5.43825pt too wide) in paragraph at lines 84--89
\OT1/cmr/m/n/12 Generell ist der Zweck von \OT1/cmr/bx/n/12 dis-tribute() \OT1/
cmr/m/n/12 al-so, im-mer m[]oglichst viele Klausuren
 []


Underfull \hbox (badness 10000) in paragraph at lines 84--89

 []


Overfull \hbox (0.1542pt too wide) in paragraph at lines 84--89
\OT1/cmr/m/n/12 er), geht mit einem It-er-a-tor []uber den prof-S-tack und vert
eilt so viele Klausuren
 []

[8] [9]
Overfull \hbox (29.30975pt too wide) in paragraph at lines 100--100
[][]\OT1/cmr/m/n/10 Zitiert nach: http://docs.oracle.com/javase/tutorial/essent
ial/concurrency/memconsist.html| 
 []


Overfull \hbox (20.08752pt too wide) in paragraph at lines 102--102
[][]\OT1/cmr/m/n/10 Zitiert nach: http://docs.oracle.com/javase/tutorial/essent
ial/concurrency/syncmeth.html| 
 []


Overfull \hbox (0.32182pt too wide) in paragraph at lines 99--105
\OT1/cmr/m/n/12 Einige Durchl[]aufe (ca. 10000) mit ver-schiede-nen An-zahlen v
on Ex-a-m-en (zwis-
 []

[10] [11]
Overfull \hbox (6.8472pt too wide) in paragraph at lines 116--117
\OT1/cmr/m/n/12 wir aufge-brochen, in dem wir eine sin-nvolle Ein-teilung in Ab
-schnitte vorgenom-
 []


Overfull \hbox (5.47586pt too wide) in paragraph at lines 116--117
\OT1/cmr/m/n/12 (z.B. Initialisierungs-, Haupt- und Ter-minierungsphase im Pro-
fes-sor). Dadurch
 []

[12] (./Doku latex.aux) ) 
Here is how much of TeX's memory you used:
 2512 strings out of 495061
 29874 string characters out of 1182622
 84871 words of memory out of 3000000
 5690 multiletter control sequences out of 15000+50000
 13048 words of font info for 51 fonts, out of 3000000 for 9000
 28 hyphenation exceptions out of 8191
 27i,8n,24p,1178b,589s stack positions out of 5000i,500n,10000p,200000b,50000s
</usr/share/texmf-texlive/fonts/type1/public/amsfonts/
cm/cmbx12.pfb></usr/share/texmf-texlive/fonts/type1/public/amsfonts/cm/cmr10.pf
b></usr/share/texmf-texlive/fonts/type1/public/amsfonts/cm/cmr12.pfb></usr/shar
e/texmf-texlive/fonts/type1/public/amsfonts/cm/cmr17.pfb></usr/share/texmf-texl
ive/fonts/type1/public/amsfonts/cm/cmr7.pfb></usr/share/texmf-texlive/fonts/typ
e1/public/amsfonts/cm/cmr8.pfb>
Output written on "Doku latex.pdf" (12 pages, 106783 bytes).
PDF statistics:
 65 PDF objects out of 1000 (max. 8388607)
 0 named destinations out of 1000 (max. 500000)
 1 words of extra memory for PDF output out of 10000 (max. 10000000)

